#
# A fatal error has been detected by the Java Runtime Environment:
#
#  EXCEPTION_ACCESS_VIOLATION (0xc0000005) at pc=0x000000006285d76b, pid=1184, tid=2960
#
# JRE version: 7.0_09-b05
# Java VM: Java HotSpot(TM) 64-Bit Server VM (23.5-b02 mixed mode windows-amd64 compressed oops)
# Problematic frame:
# V  [jvm.dll+0x11d76b]
#
# Failed to write core dump. Minidumps are not enabled by default on client versions of Windows
#
# If you would like to submit a bug report, please visit:
#   http://bugreport.sun.com/bugreport/crash.jsp
#

---------------  T H R E A D  ---------------

Current thread (0x000000000e389800):  JavaThread "JDWP Transport Listener: dt_socket" daemon [_thread_in_vm, id=2960, stack(0x000000000f560000,0x000000000f660000)]

siginfo: ExceptionCode=0xc0000005, reading address 0xffffffffffffffff

Registers:
RAX=0x000000000f65f101, RBX=0x000000000e389800, RCX=0x6565522f736b636f, RDX=0x000000000e389800
RSP=0x000000000f65f170, RBP=0x6565522f736b636f, RSI=0x000000000f65f288, RDI=0x0000000000178c40
R8 =0x000000000f65f288, R9 =0x0000027100290015, R10=0x0000000000000000, R11=0x000000000f65f401
R12=0x0000000000000000, R13=0x0000000000000000, R14=0x0000000000000000, R15=0x0000000000000000
RIP=0x000000006285d76b, EFLAGS=0x0000000000010206

Top of Stack: (sp=0x000000000f65f170)
0x000000000f65f170:   000000000e389800 00000000025250a0
0x000000000f65f180:   000000000f65f238 00000000629e3fe9
0x000000000f65f190:   000000000e389800 00000000629ff9b2
0x000000000f65f1a0:   0000000000000000 000000000e389800
0x000000000f65f1b0:   000000000c2d2138 0000000073f8264e
0x000000000f65f1c0:   000000000e389800 0000000000000000
0x000000000f65f1d0:   0000000000000000 0000000000000000
0x000000000f65f1e0:   6565522f736b636f 0000000073f81745
0x000000000f65f1f0:   000000000f65f288 000000000f65f260
0x000000000f65f200:   0000000000000001 000000000c2d2138
0x000000000f65f210:   6565522f736b636f 0000000073f653b3
0x000000000f65f220:   000000000f65f350 0000000000000001
0x000000000f65f230:   0000000000000001 000000000c2d2138
0x000000000f65f240:   000000000000000a 0000000000000000
0x000000000f65f250:   0000000000000000 0000000000000000
0x000000000f65f260:   0000000000000001 0000000073f65571 

Instructions: (pc=0x000000006285d76b)
0x000000006285d74b:   48 8b 5c 24 30 48 89 47 18 48 83 c4 20 5f c3 cc
0x000000006285d75b:   cc cc cc cc cc 40 53 48 83 ec 20 48 85 c9 74 54
0x000000006285d76b:   48 8b 19 48 85 db 74 4c 48 b8 fe fe fe fe fe fe
0x000000006285d77b:   fe fe 48 3b d8 74 3d 80 3d 5f e5 58 00 00 74 15 


Register to memory mapping:

RAX=0x000000000f65f101 is pointing into the stack for thread: 0x000000000e389800
RBX=0x000000000e389800 is a thread
RCX=0x6565522f736b636f is an unknown value
RDX=0x000000000e389800 is a thread
RSP=0x000000000f65f170 is pointing into the stack for thread: 0x000000000e389800
RBP=0x6565522f736b636f is an unknown value
RSI=0x000000000f65f288 is pointing into the stack for thread: 0x000000000e389800
RDI=0x0000000000178c40 is an unknown value
R8 =0x000000000f65f288 is pointing into the stack for thread: 0x000000000e389800
R9 =0x0000027100290015 is an unknown value
R10=0x0000000000000000 is an unknown value
R11=0x000000000f65f401 is pointing into the stack for thread: 0x000000000e389800
R12=0x0000000000000000 is an unknown value
R13=0x0000000000000000 is an unknown value
R14=0x0000000000000000 is an unknown value
R15=0x0000000000000000 is an unknown value


Stack: [0x000000000f560000,0x000000000f660000],  sp=0x000000000f65f170,  free space=1020k
Native frames: (J=compiled Java code, j=interpreted, Vv=VM code, C=native code)
V  [jvm.dll+0x11d76b]


---------------  P R O C E S S  ---------------

Java Threads: ( => current thread )
  0x000000000e3a7000 JavaThread "Service Thread" daemon [_thread_blocked, id=3212, stack(0x000000000ec40000,0x000000000ed40000)]
  0x000000000e3a6000 JavaThread "C2 CompilerThread1" daemon [_thread_blocked, id=6092, stack(0x000000000f360000,0x000000000f460000)]
  0x000000000e3a2800 JavaThread "C2 CompilerThread0" daemon [_thread_blocked, id=5428, stack(0x000000000f1c0000,0x000000000f2c0000)]
  0x000000000e394800 JavaThread "JDWP Command Reader" daemon [_thread_in_native, id=5236, stack(0x000000000f680000,0x000000000f780000)]
  0x000000000e38f800 JavaThread "JDWP Event Helper Thread" daemon [_thread_blocked, id=828, stack(0x00000000065a0000,0x00000000066a0000)]
=>0x000000000e389800 JavaThread "JDWP Transport Listener: dt_socket" daemon [_thread_in_vm, id=2960, stack(0x000000000f560000,0x000000000f660000)]
  0x000000000e37a800 JavaThread "Attach Listener" daemon [_thread_blocked, id=6924, stack(0x000000000e750000,0x000000000e850000)]
  0x000000000c30f800 JavaThread "Signal Dispatcher" daemon [_thread_blocked, id=6272, stack(0x000000000e850000,0x000000000e950000)]
  0x000000000c2d9800 JavaThread "Finalizer" daemon [_thread_blocked, id=1396, stack(0x000000000e230000,0x000000000e330000)]
  0x000000000c2d1000 JavaThread "Reference Handler" daemon [_thread_blocked, id=6112, stack(0x000000000e070000,0x000000000e170000)]
  0x000000000017d000 JavaThread "main" [_thread_blocked, id=5000, stack(0x0000000002880000,0x0000000002980000)]

Other Threads:
  0x000000000c2c5800 VMThread [stack: 0x000000000deb0000,0x000000000dfb0000] [id=4988]
  0x000000000e3b9800 WatcherThread [stack: 0x000000000f820000,0x000000000f920000] [id=6468]

VM state:not at safepoint (normal execution)

VM Mutex/Monitor currently owned by a thread: None

Heap
 PSYoungGen      total 37696K, used 1292K [0x00000007d5eb0000, 0x00000007d88c0000, 0x0000000800000000)
  eden space 32320K, 4% used [0x00000007d5eb0000,0x00000007d5ff33b8,0x00000007d7e40000)
  from space 5376K, 0% used [0x00000007d8380000,0x00000007d8380000,0x00000007d88c0000)
  to   space 5376K, 0% used [0x00000007d7e40000,0x00000007d7e40000,0x00000007d8380000)
 ParOldGen       total 86144K, used 0K [0x0000000781c00000, 0x0000000787020000, 0x00000007d5eb0000)
  object space 86144K, 0% used [0x0000000781c00000,0x0000000781c00000,0x0000000787020000)
 PSPermGen       total 21248K, used 2456K [0x000000077ca00000, 0x000000077dec0000, 0x0000000781c00000)
  object space 21248K, 11% used [0x000000077ca00000,0x000000077cc66320,0x000000077dec0000)

Card table byte_map: [0x0000000005980000,0x0000000005da0000] byte_map_base: 0x0000000001d9b000

Polling page: 0x0000000000130000

Code Cache  [0x0000000002980000, 0x0000000002bf0000, 0x0000000005980000)
 total_blobs=155 nmethods=0 adapters=130 free_code_cache=48778Kb largest_free_block=49948992

Compilation events (0 events):
No events

GC Heap History (0 events):
No events

Deoptimization events (0 events):
No events

Internal exceptions (2 events):
Event: 0.024 Thread 0x000000000017d000 Threw 0x00000007d5eb61a8 at C:\jdk7u1_64p\jdk7u9\hotspot\src\share\vm\prims\jni.cpp:3994
Event: 0.116 Thread 0x000000000017d000 Threw 0x00000007d5efd6c0 at C:\jdk7u1_64p\jdk7u9\hotspot\src\share\vm\prims\jvm.cpp:1166

Events (10 events):
Event: 304.859 Executing VM operation: ChangeBreakpoints
Event: 304.859 Executing VM operation: ChangeBreakpoints done
Event: 658.470 Executing VM operation: ChangeBreakpoints
Event: 658.470 Executing VM operation: ChangeBreakpoints done
Event: 658.521 Executing VM operation: RedefineClasses
Event: 658.521 Executing VM operation: RedefineClasses done
Event: 783.778 Executing VM operation: RedefineClasses
Event: 783.778 Executing VM operation: RedefineClasses done
Event: 1061.558 Executing VM operation: RedefineClasses
Event: 1061.558 Executing VM operation: RedefineClasses done


Dynamic libraries:
0x000000013f370000 - 0x000000013f3a4000 	C:\Program Files\Java\jre7\bin\javaw.exe
0x0000000077010000 - 0x00000000771b9000 	C:\Windows\SYSTEM32\ntdll.dll
0x0000000076ef0000 - 0x000000007700f000 	C:\Windows\system32\kernel32.dll
0x000007fefd030000 - 0x000007fefd09b000 	C:\Windows\system32\KERNELBASE.dll
0x000007fefdd60000 - 0x000007fefde3b000 	C:\Windows\system32\ADVAPI32.dll
0x000007fefe1d0000 - 0x000007fefe26f000 	C:\Windows\system32\msvcrt.dll
0x000007fefd220000 - 0x000007fefd23f000 	C:\Windows\SYSTEM32\sechost.dll
0x000007fefd550000 - 0x000007fefd67d000 	C:\Windows\system32\RPCRT4.dll
0x0000000076df0000 - 0x0000000076eea000 	C:\Windows\system32\USER32.dll
0x000007fefd360000 - 0x000007fefd3c7000 	C:\Windows\system32\GDI32.dll
0x000007fefe270000 - 0x000007fefe27e000 	C:\Windows\system32\LPK.dll
0x000007fefd290000 - 0x000007fefd359000 	C:\Windows\system32\USP10.dll
0x000007fefbff0000 - 0x000007fefc1e4000 	C:\Windows\WinSxS\amd64_microsoft.windows.common-controls_6595b64144ccf1df_6.0.7601.17514_none_fa396087175ac9ac\COMCTL32.dll
0x000007fefe280000 - 0x000007fefe2f1000 	C:\Windows\system32\SHLWAPI.dll
0x000007fefe1a0000 - 0x000007fefe1ce000 	C:\Windows\system32\IMM32.DLL
0x000007fefd680000 - 0x000007fefd789000 	C:\Windows\system32\MSCTF.dll
0x000007fefcdb0000 - 0x000007fefcdf0000 	C:\Windows\system32\nvinitx.dll
0x000000000f000000 - 0x000000000f006000 	C:\Program Files\NVIDIA Corporation\CoProcManager\_etoured.dll
0x000007fef8820000 - 0x000007fef8874000 	C:\Program Files\NVIDIA Corporation\CoProcManager\nvd3d9wrapx.dll
0x000007fefde40000 - 0x000007fefe017000 	C:\Windows\system32\SETUPAPI.dll
0x000007fefcf80000 - 0x000007fefcfb6000 	C:\Windows\system32\CFGMGR32.dll
0x000007fefd790000 - 0x000007fefd867000 	C:\Windows\system32\OLEAUT32.dll
0x000007fefd920000 - 0x000007fefdb23000 	C:\Windows\system32\ole32.dll
0x000007fefd010000 - 0x000007fefd02a000 	C:\Windows\system32\DEVOBJ.dll
0x000007fef87c0000 - 0x000007fef8803000 	C:\Program Files\NVIDIA Corporation\CoProcManager\nvdxgiwrapx.dll
0x0000000062e60000 - 0x0000000062f31000 	C:\Program Files\Java\jre7\bin\msvcr100.dll
0x0000000062740000 - 0x0000000062e5f000 	C:\Program Files\Java\jre7\bin\server\jvm.dll
0x000007fef48f0000 - 0x000007fef48f9000 	C:\Windows\system32\WSOCK32.dll
0x000007fefd240000 - 0x000007fefd28d000 	C:\Windows\system32\WS2_32.dll
0x000007fefd870000 - 0x000007fefd878000 	C:\Windows\system32\NSI.dll
0x000007fef9c60000 - 0x000007fef9c9b000 	C:\Windows\system32\WINMM.dll
0x00000000771e0000 - 0x00000000771e7000 	C:\Windows\system32\PSAPI.DLL
0x000000006f500000 - 0x000000006f50f000 	C:\Program Files\Java\jre7\bin\verify.dll
0x0000000062710000 - 0x0000000062738000 	C:\Program Files\Java\jre7\bin\java.dll
0x0000000073f60000 - 0x0000000073f95000 	C:\Program Files\Java\jre7\bin\jdwp.dll
0x0000000073fd0000 - 0x0000000073fd8000 	C:\Program Files\Java\jre7\bin\npt.dll
0x00000000626f0000 - 0x0000000062705000 	C:\Program Files\Java\jre7\bin\zip.dll
0x0000000073fc0000 - 0x0000000073fc9000 	C:\Program Files\Java\jre7\bin\dt_socket.dll
0x000007fefb200000 - 0x000007fefb215000 	C:\Windows\system32\NLAapi.dll
0x000007fef0030000 - 0x000007fef0045000 	C:\Windows\system32\napinsp.dll
0x000007fef0010000 - 0x000007fef0029000 	C:\Windows\system32\pnrpnsp.dll
0x000007fefc610000 - 0x000007fefc665000 	C:\Windows\System32\mswsock.dll
0x000007fefc500000 - 0x000007fefc55b000 	C:\Windows\system32\DNSAPI.dll
0x000007feeffe0000 - 0x000007feeffeb000 	C:\Windows\System32\winrnr.dll
0x000007feeffd0000 - 0x000007feeffe0000 	C:\Windows\system32\wshbth.dll
0x000007fefaf70000 - 0x000007fefaf97000 	C:\Windows\system32\IPHLPAPI.DLL
0x000007fefaf60000 - 0x000007fefaf6b000 	C:\Windows\system32\WINNSI.DLL
0x000007fefadf0000 - 0x000007fefae43000 	C:\Windows\System32\fwpuclnt.dll
0x000007fef0150000 - 0x000007fef0158000 	C:\Windows\system32\rasadhlp.dll
0x000007fefba80000 - 0x000007fefba87000 	C:\Windows\System32\wshtcpip.dll
0x000007feeb230000 - 0x000007feeb355000 	C:\Windows\system32\dbghelp.dll

VM Arguments:
jvm_args: -agentlib:jdwp=transport=dt_socket,suspend=y,address=localhost:14062 -Dfile.encoding=Cp1252 
java_command: maldonado.Danny_JavaLab1.TestDrive
Launcher Type: SUN_STANDARD

Environment Variables:
PATH=C:\Windows\system32;C:\Windows;C:\Windows\System32\Wbem;C:\Windows\System32\WindowsPowerShell\v1.0\;C:\Program Files\Intel\WiFi\bin\;C:\Program Files\Common Files\Intel\WirelessCommon\;C:\Program Files (x86)\Intel\Services\IPT\;C:\Program Files (x86)\Microsoft SQL Server\100\Tools\Binn\;C:\Program Files\Microsoft SQL Server\100\Tools\Binn\;C:\Program Files\Microsoft SQL Server\100\DTS\Binn\;C:\Program Files (x86)\Microsoft SQL Server\100\Tools\Binn\VSShell\Common7\IDE\;C:\Program Files (x86)\Microsoft SQL Server\100\DTS\Binn\
USERNAME=dmaldonado
OS=Windows_NT
PROCESSOR_IDENTIFIER=Intel64 Family 6 Model 42 Stepping 7, GenuineIntel



---------------  S Y S T E M  ---------------

OS: Windows 7 , 64 bit Build 7601 Service Pack 1

CPU:total 8 (4 cores per cpu, 2 threads per core) family 6 model 42 stepping 7, cmov, cx8, fxsr, mmx, sse, sse2, sse3, ssse3, sse4.1, sse4.2, popcnt, avx, ht, tsc, tscinvbit

Memory: 4k page, physical 8269040k(5078356k free), swap 16536220k(11748396k free)

vm_info: Java HotSpot(TM) 64-Bit Server VM (23.5-b02) for windows-amd64 JRE (1.7.0_09-b05), built on Sep 24 2012 21:45:04 by "java_re" with unknown MS VC++:1600

time: Thu Apr 18 21:18:47 2013
elapsed time: 1061 seconds

